Start testing: Aug 24 01:39 IST
----------------------------------------------------------
Unable to find executable: /home/arpit_jain2001/Learning/Practise_Projects/Banking_assignment/build/BankTests
1/1 Testing: BankTests
1/1 Test: BankTests
Command: ""
Directory: /home/arpit_jain2001/Learning/Practise_Projects/Banking_assignment/build
"BankTests" start time: 
Output:
----------------------------------------------------------
<end of output>
Test time =   0.00 sec
----------------------------------------------------------
Test Passed.
"BankTests" end time: Aug 24 01:39 IST
"BankTests" time elapsed: 00:00:00
----------------------------------------------------------

End testing: Aug 24 01:39 IST
